<?xml version="1.0" encoding="UTF-8"?>
<!-- Generated by org.testng.reporters.JUnitReportReporter -->
<testsuite hostname="N048D122" failures="0" tests="1" name="TestML" time="21.193" errors="0" timestamp="2021-03-03T20:15:19 CLST" skipped="0">
  <testcase classname="TestML" name="f" time="21.193"/>
  <system-out/>
</testsuite> <!-- TestML -->
