<?xml version="1.0" encoding="UTF-8"?>
<!-- Generated by org.testng.reporters.JUnitReportReporter -->
<testsuite hostname="N048D122" failures="0" tests="1" name="Tests.TestML" time="22.065" errors="0" timestamp="2021-03-03T21:00:43 CLST" skipped="0">
  <testcase classname="Tests.TestML" name="f" time="22.065"/>
  <system-out/>
</testsuite> <!-- Tests.TestML -->
